<?xml version="1.0" encoding="UTF-8"?>
<!-- Generated by org.testng.reporters.JUnitReportReporter -->
<testsuite hostname="DESKTOP-9OOOF17" failures="0" tests="1" name="Coding_Assignment_TestVagrant.Wiki_Test" time="38.387" errors="0" timestamp="2022-11-13T13:16:24 IST" skipped="0">
  <testcase classname="Coding_Assignment_TestVagrant.Wiki_Test" name="Validatewiki" time="38.387"/>
  <system-out/>
</testsuite> <!-- Coding_Assignment_TestVagrant.Wiki_Test -->
