<?xml version="1.0" encoding="UTF-8"?>
<!-- Generated by org.testng.reporters.JUnitReportReporter -->
<testsuite hostname="DESKTOP-9OOOF17" failures="0" tests="1" name="Coding_Assignment_TestVagrant.Wiki_Test" time="113.540" errors="0" timestamp="2022-11-13T13:59:26 IST" skipped="0">
  <testcase classname="Coding_Assignment_TestVagrant.Wiki_Test" name="ValidateWIKI" time="113.540"/>
  <system-out/>
</testsuite> <!-- Coding_Assignment_TestVagrant.Wiki_Test -->
